<?xml version="1.0" encoding="UTF-8"?>
<!-- Generated by org.testng.reporters.JUnitXMLReporter -->
<testsuite ignored="0" hostname="Pranavg" failures="0" tests="4" name="Default test" time="10.077" errors="0" timestamp="2025-07-28T13:43:46 IST">
  <testcase classname="com.saucedemo.TestCases.Testcase" name="firstpage" time="4.637"/>
  <testcase classname="com.saucedemo.TestCases.Testcase" name="productspage" time="1.03"/>
  <testcase classname="com.saucedemo.TestCases.Testcase" name="cartpage" time="1.264"/>
  <testcase classname="com.saucedemo.TestCases.Testcase" name="logoutb" time="0.487"/>
</testsuite> <!-- Default test -->
