<?xml version="1.0" encoding="UTF-8"?>
<testng-results ignored="0" total="4" passed="4" failed="0" skipped="0">
  <reporter-output>
  </reporter-output>
  <suite started-at="2025-07-28T13:43:36 IST" name="Default suite" finished-at="2025-07-28T13:43:46 IST" duration-ms="10077">
    <groups>
    </groups>
    <test started-at="2025-07-28T13:43:36 IST" name="Default test" finished-at="2025-07-28T13:43:46 IST" duration-ms="10077">
      <class name="com.saucedemo.TestCases.Testcase">
        <test-method is-config="true" signature="launchBrowser()[pri:0, instance:com.saucedemo.TestCases.Testcase@6025e1b6]" started-at="2025-07-28T13:43:36 IST" name="launchBrowser" finished-at="2025-07-28T13:43:38 IST" duration-ms="2484" status="PASS">
          <reporter-output>
          </reporter-output>
        </test-method> <!-- launchBrowser -->
        <test-method signature="firstpage()[pri:1, instance:com.saucedemo.TestCases.Testcase@6025e1b6]" started-at="2025-07-28T13:43:38 IST" name="firstpage" finished-at="2025-07-28T13:43:43 IST" duration-ms="4637" status="PASS">
          <reporter-output>
          </reporter-output>
        </test-method> <!-- firstpage -->
        <test-method signature="productspage()[pri:2, instance:com.saucedemo.TestCases.Testcase@6025e1b6]" started-at="2025-07-28T13:43:43 IST" name="productspage" finished-at="2025-07-28T13:43:44 IST" duration-ms="1030" status="PASS">
          <reporter-output>
          </reporter-output>
        </test-method> <!-- productspage -->
        <test-method signature="cartpage()[pri:3, instance:com.saucedemo.TestCases.Testcase@6025e1b6]" started-at="2025-07-28T13:43:44 IST" name="cartpage" finished-at="2025-07-28T13:43:45 IST" duration-ms="1264" status="PASS">
          <reporter-output>
          </reporter-output>
        </test-method> <!-- cartpage -->
        <test-method signature="logoutb()[pri:4, instance:com.saucedemo.TestCases.Testcase@6025e1b6]" started-at="2025-07-28T13:43:45 IST" name="logoutb" finished-at="2025-07-28T13:43:46 IST" duration-ms="487" status="PASS">
          <reporter-output>
          </reporter-output>
        </test-method> <!-- logoutb -->
        <test-method is-config="true" signature="closebrowser()[pri:0, instance:com.saucedemo.TestCases.Testcase@6025e1b6]" started-at="2025-07-28T13:43:46 IST" name="closebrowser" finished-at="2025-07-28T13:43:46 IST" duration-ms="110" status="PASS">
          <reporter-output>
          </reporter-output>
        </test-method> <!-- closebrowser -->
      </class> <!-- com.saucedemo.TestCases.Testcase -->
    </test> <!-- Default test -->
  </suite> <!-- Default suite -->
</testng-results>
